<!DOCTYPE html PUBLIC "-//W3C//DTD XHTML 1.1//EN" "http://www.w3.org/TR/xhtml11/DTD/xhtml11.dtd">
<html xmlns="http://www.w3.org/1999/xhtml"><head><title>TestNG Report</title><style type="text/css">table {margin-bottom:10px;border-collapse:collapse;empty-cells:show}th,td {border:1px solid #009;padding:.25em .5em}th {vertical-align:bottom}td {vertical-align:top}table a {font-weight:bold}.stripe td {background-color: #E6EBF9}.num {text-align:right}.passedodd td {background-color: #3F3}.passedeven td {background-color: #0A0}.skippedodd td {background-color: #DDD}.skippedeven td {background-color: #CCC}.failedodd td,.attn {background-color: #F33}.failedeven td,.stripe .attn {background-color: #D00}.stacktrace {white-space:pre;font-family:monospace}.totop {font-size:85%;text-align:center;border-bottom:2px solid #000}</style></head><body><table><tr><th>Test</th><th># Passed</th><th># Skipped</th><th># Failed</th><th>Time (ms)</th><th>Included Groups</th><th>Excluded Groups</th></tr><tr><th colspan="7">PHPTrvels Web Application Test Automation Test Suite</th></tr><tr><td><a href="#t0">PHPTrvels UI Test Cases</a></td><td class="num">0</td><td class="num attn">5</td><td class="num">0</td><td class="num">66</td><td></td><td></td></tr></table><table id='summary'><thead><tr><th>Class</th><th>Method</th><th>Start</th><th>Time (ms)</th></tr></thead><tbody><tr><th colspan="4">PHPTrvels Web Application Test Automation Test Suite</th></tr></tbody><tbody id="t0"><tr><th colspan="4">PHPTrvels UI Test Cases &#8212; failed (configuration methods)</th></tr><tr class="failedeven"><td rowspan="1">com.phpTravels.qa.testcases.HomePageTest</td><td><a href="#m0">setUp</a></td><td rowspan="1">1580323557451</td><td rowspan="1">113566</td></tr><tr><th colspan="4">PHPTrvels UI Test Cases &#8212; skipped (configuration methods)</th></tr><tr class="skippedeven"><td rowspan="1">com.phpTravels.qa.testcases.HomePageTest</td><td><a href="#m1">tearDown</a></td><td rowspan="1">1580323671436</td><td rowspan="1">0</td></tr><tr><th colspan="4">PHPTrvels UI Test Cases &#8212; skipped</th></tr><tr class="skippedeven"><td rowspan="5">com.phpTravels.qa.testcases.HomePageTest</td><td><a href="#m2">HotelLinkPageTest</a></td><td rowspan="1">1580323671138</td><td rowspan="1">0</td></tr><tr class="skippedeven"><td><a href="#m3">namePriceHoteslsTest</a></td><td rowspan="1">1580323671150</td><td rowspan="1">0</td></tr><tr class="skippedeven"><td><a href="#m4">quickHomePageHotelLinkPageTest</a></td><td rowspan="1">1580323671131</td><td rowspan="1">0</td></tr><tr class="skippedeven"><td><a href="#m5">searchHoteslsTest</a></td><td rowspan="1">1580323671146</td><td rowspan="1">0</td></tr><tr class="skippedeven"><td><a href="#m6">selectCheckinDateTest</a></td><td rowspan="1">1580323671142</td><td rowspan="1">0</td></tr></tbody></table><h2>PHPTrvels UI Test Cases</h2><h3 id="m0">com.phpTravels.qa.testcases.HomePageTest#setUp</h3><table class="result"><tr><th>Exception</th></tr><tr><td><div class="stacktrace">java.lang.AssertionError: expected [PHPTRAVELS | Travel Technology Partner] but found [www.phptravels.net | 524: A timeout occurred]
	at com.phpTravels.qa.base.TestBase.initialization(TestBase.java:75)
	at com.phpTravels.qa.testcases.HomePageTest.setUp(HomePageTest.java:31)
... Removed 25 stack frames</div></td></tr></table><p class="totop"><a href="#summary">back to summary</a></p><h3 id="m1">com.phpTravels.qa.testcases.HomePageTest#tearDown</h3><table class="result"></table><p class="totop"><a href="#summary">back to summary</a></p><h3 id="m2">com.phpTravels.qa.testcases.HomePageTest#HotelLinkPageTest</h3><table class="result"><tr><th>Exception</th></tr><tr><td><div class="stacktrace">java.lang.AssertionError: expected [PHPTRAVELS | Travel Technology Partner] but found [www.phptravels.net | 524: A timeout occurred]
	at com.phpTravels.qa.base.TestBase.initialization(TestBase.java:75)
	at com.phpTravels.qa.testcases.HomePageTest.setUp(HomePageTest.java:31)
... Removed 25 stack frames</div></td></tr></table><p class="totop"><a href="#summary">back to summary</a></p><h3 id="m3">com.phpTravels.qa.testcases.HomePageTest#namePriceHoteslsTest</h3><table class="result"><tr><th>Exception</th></tr><tr><td><div class="stacktrace">java.lang.AssertionError: expected [PHPTRAVELS | Travel Technology Partner] but found [www.phptravels.net | 524: A timeout occurred]
	at com.phpTravels.qa.base.TestBase.initialization(TestBase.java:75)
	at com.phpTravels.qa.testcases.HomePageTest.setUp(HomePageTest.java:31)
... Removed 25 stack frames</div></td></tr></table><p class="totop"><a href="#summary">back to summary</a></p><h3 id="m4">com.phpTravels.qa.testcases.HomePageTest#quickHomePageHotelLinkPageTest</h3><table class="result"><tr><th>Exception</th></tr><tr><td><div class="stacktrace">java.lang.AssertionError: expected [PHPTRAVELS | Travel Technology Partner] but found [www.phptravels.net | 524: A timeout occurred]
	at com.phpTravels.qa.base.TestBase.initialization(TestBase.java:75)
	at com.phpTravels.qa.testcases.HomePageTest.setUp(HomePageTest.java:31)
... Removed 25 stack frames</div></td></tr></table><p class="totop"><a href="#summary">back to summary</a></p><h3 id="m5">com.phpTravels.qa.testcases.HomePageTest#searchHoteslsTest</h3><table class="result"><tr><th>Exception</th></tr><tr><td><div class="stacktrace">java.lang.AssertionError: expected [PHPTRAVELS | Travel Technology Partner] but found [www.phptravels.net | 524: A timeout occurred]
	at com.phpTravels.qa.base.TestBase.initialization(TestBase.java:75)
	at com.phpTravels.qa.testcases.HomePageTest.setUp(HomePageTest.java:31)
... Removed 25 stack frames</div></td></tr></table><p class="totop"><a href="#summary">back to summary</a></p><h3 id="m6">com.phpTravels.qa.testcases.HomePageTest#selectCheckinDateTest</h3><table class="result"><tr><th>Exception</th></tr><tr><td><div class="stacktrace">java.lang.AssertionError: expected [PHPTRAVELS | Travel Technology Partner] but found [www.phptravels.net | 524: A timeout occurred]
	at com.phpTravels.qa.base.TestBase.initialization(TestBase.java:75)
	at com.phpTravels.qa.testcases.HomePageTest.setUp(HomePageTest.java:31)
... Removed 25 stack frames</div></td></tr></table><p class="totop"><a href="#summary">back to summary</a></p></body></html>